Используются параметры запуска из /Users/daniillazimov/Physics_Projecttt/SonicWave8D copy/SonicWave8D.API/Properties/launchSettings.json...
Сборка…
/Users/daniillazimov/Physics_Projecttt/SonicWave8D copy/SonicWave8D.API/Services/AuthService.cs(137,41): warning CS1998: В данном асинхронном методе отсутствуют операторы await, поэтому метод будет выполняться синхронно. Воспользуйтесь оператором await для ожидания неблокирующих вызовов API или оператором await Task.Run(...) для выполнения связанных с ЦП заданий в фоновом потоке. [/Users/daniillazimov/Physics_Projecttt/SonicWave8D copy/SonicWave8D.API/SonicWave8D.API.csproj]
Applying database migrations...
fail: Microsoft.EntityFrameworkCore.Database.Command[20102]
      Failed executing DbCommand (8ms) [Parameters=[], CommandType='Text', CommandTimeout='30']
      SELECT "MigrationId", "ProductVersion"
      FROM "__EFMigrationsHistory"
      ORDER BY "MigrationId";
Error applying migrations: An error was generated for warning 'Microsoft.EntityFrameworkCore.Migrations.PendingModelChangesWarning': The model for context 'AppDbContext' has pending changes. Add a new migration before updating the database. This exception can be suppressed or logged by passing event ID 'RelationalEventId.PendingModelChangesWarning' to the 'ConfigureWarnings' method in 'DbContext.OnConfiguring' or 'AddDbContext'.
Attempting to create database...
Database created successfully!
===========================================
  SonicWave 8D API Started!
  Swagger UI: https://localhost:5002
===========================================
info: Microsoft.Hosting.Lifetime[14]
      Now listening on: http://localhost:5004
info: Microsoft.Hosting.Lifetime[0]
      Application started. Press Ctrl+C to shut down.
info: Microsoft.Hosting.Lifetime[0]
      Hosting environment: Development
info: Microsoft.Hosting.Lifetime[0]
      Content root path: /Users/daniillazimov/Physics_Projecttt/SonicWave8D copy/SonicWave8D.API
info: Microsoft.Hosting.Lifetime[0]
      Application is shutting down...
